<?xml version="1.0" encoding="UTF-8"?>
<!-- Generated by org.testng.reporters.JUnitXMLReporter -->
<testsuite ignored="0" hostname="LAPTOP-U7JF4VT8" failures="0" tests="15" name="Default test" time="0.266" errors="0" timestamp="2021-06-16T22:44:18 SGT">
  <testcase classname="testing_classes.NewTest" name="f" time="0.108"/>
  <testcase classname="testing_classes.NewTest" name="f" time="0.112"/>
  <testcase classname="testing_classes.NewTest" name="f" time="0.116"/>
  <testcase classname="testing_classes.NewTest" name="f" time="0.119"/>
  <testcase classname="testing_classes.NewTest" name="f" time="0.125"/>
  <testcase classname="testing_classes.NewTest" name="f" time="0.012"/>
  <testcase classname="testing_classes.NewTest" name="f" time="0.011"/>
  <testcase classname="testing_classes.NewTest" name="f" time="0.026"/>
  <testcase classname="testing_classes.NewTest" name="f" time="0.007"/>
  <testcase classname="testing_classes.NewTest" name="f" time="0.02"/>
  <testcase classname="testing_classes.NewTest" name="f" time="0.029"/>
  <testcase classname="testing_classes.NewTest" name="f" time="0.007"/>
  <testcase classname="testing_classes.NewTest" name="f" time="0.014"/>
  <testcase classname="testing_classes.NewTest" name="f" time="0.021"/>
  <testcase classname="testing_classes.NewTest" name="f" time="0.014"/>
</testsuite> <!-- Default test -->
