<?xml version="1.0" encoding="UTF-8"?>
<testng-results ignored="0" total="15" passed="15" failed="0" skipped="0">
  <reporter-output>
  </reporter-output>
  <suite started-at="2021-06-16T22:44:18 SGT" name="Default suite" finished-at="2021-06-16T22:44:18 SGT" duration-ms="266">
    <groups>
    </groups>
    <test started-at="2021-06-16T22:44:18 SGT" name="Default test" finished-at="2021-06-16T22:44:18 SGT" duration-ms="266">
      <class name="testing_classes.NewTest">
        <test-method is-config="true" signature="beforeTest()[pri:0, instance:testing_classes.NewTest@4d02f94e]" started-at="2021-06-16T22:44:18 SGT" name="beforeTest" finished-at="2021-06-16T22:44:18 SGT" duration-ms="33" status="PASS">
          <reporter-output>
          </reporter-output>
        </test-method> <!-- beforeTest -->
        <test-method is-config="true" signature="beforeMethod()[pri:0, instance:testing_classes.NewTest@4d02f94e]" started-at="2021-06-16T22:44:18 SGT" name="beforeMethod" finished-at="2021-06-16T22:44:18 SGT" duration-ms="0" status="PASS">
          <reporter-output>
          </reporter-output>
        </test-method> <!-- beforeMethod -->
        <test-method is-config="true" signature="beforeMethod()[pri:0, instance:testing_classes.NewTest@4d02f94e]" started-at="2021-06-16T22:44:18 SGT" name="beforeMethod" finished-at="2021-06-16T22:44:18 SGT" duration-ms="0" status="PASS">
          <reporter-output>
          </reporter-output>
        </test-method> <!-- beforeMethod -->
        <test-method is-config="true" signature="beforeMethod()[pri:0, instance:testing_classes.NewTest@4d02f94e]" started-at="2021-06-16T22:44:18 SGT" name="beforeMethod" finished-at="2021-06-16T22:44:18 SGT" duration-ms="0" status="PASS">
          <reporter-output>
          </reporter-output>
        </test-method> <!-- beforeMethod -->
        <test-method is-config="true" signature="beforeMethod()[pri:0, instance:testing_classes.NewTest@4d02f94e]" started-at="2021-06-16T22:44:18 SGT" name="beforeMethod" finished-at="2021-06-16T22:44:18 SGT" duration-ms="0" status="PASS">
          <reporter-output>
          </reporter-output>
        </test-method> <!-- beforeMethod -->
        <test-method is-config="true" signature="beforeMethod()[pri:0, instance:testing_classes.NewTest@4d02f94e]" started-at="2021-06-16T22:44:18 SGT" name="beforeMethod" finished-at="2021-06-16T22:44:18 SGT" duration-ms="0" status="PASS">
          <reporter-output>
          </reporter-output>
        </test-method> <!-- beforeMethod -->
        <test-method signature="f()[pri:0, instance:testing_classes.NewTest@4d02f94e]" started-at="2021-06-16T22:44:18 SGT" name="f" finished-at="2021-06-16T22:44:18 SGT" duration-ms="116" status="PASS">
          <reporter-output>
          </reporter-output>
        </test-method> <!-- f -->
        <test-method signature="f()[pri:0, instance:testing_classes.NewTest@4d02f94e]" started-at="2021-06-16T22:44:18 SGT" name="f" finished-at="2021-06-16T22:44:18 SGT" duration-ms="119" status="PASS">
          <reporter-output>
          </reporter-output>
        </test-method> <!-- f -->
        <test-method signature="f()[pri:0, instance:testing_classes.NewTest@4d02f94e]" started-at="2021-06-16T22:44:18 SGT" name="f" finished-at="2021-06-16T22:44:18 SGT" duration-ms="108" status="PASS">
          <reporter-output>
          </reporter-output>
        </test-method> <!-- f -->
        <test-method signature="f()[pri:0, instance:testing_classes.NewTest@4d02f94e]" started-at="2021-06-16T22:44:18 SGT" name="f" finished-at="2021-06-16T22:44:18 SGT" duration-ms="112" status="PASS">
          <reporter-output>
          </reporter-output>
        </test-method> <!-- f -->
        <test-method signature="f()[pri:0, instance:testing_classes.NewTest@4d02f94e]" started-at="2021-06-16T22:44:18 SGT" name="f" finished-at="2021-06-16T22:44:18 SGT" duration-ms="125" status="PASS">
          <reporter-output>
          </reporter-output>
        </test-method> <!-- f -->
        <test-method is-config="true" signature="afterMethod()[pri:0, instance:testing_classes.NewTest@4d02f94e]" started-at="2021-06-16T22:44:18 SGT" name="afterMethod" finished-at="2021-06-16T22:44:18 SGT" duration-ms="0" status="PASS">
          <reporter-output>
          </reporter-output>
        </test-method> <!-- afterMethod -->
        <test-method is-config="true" signature="afterMethod()[pri:0, instance:testing_classes.NewTest@4d02f94e]" started-at="2021-06-16T22:44:18 SGT" name="afterMethod" finished-at="2021-06-16T22:44:18 SGT" duration-ms="1" status="PASS">
          <reporter-output>
          </reporter-output>
        </test-method> <!-- afterMethod -->
        <test-method signature="f()[pri:0, instance:testing_classes.NewTest@4d02f94e]" started-at="2021-06-16T22:44:18 SGT" name="f" finished-at="2021-06-16T22:44:18 SGT" duration-ms="26" status="PASS">
          <reporter-output>
          </reporter-output>
        </test-method> <!-- f -->
        <test-method is-config="true" signature="beforeMethod()[pri:0, instance:testing_classes.NewTest@4d02f94e]" started-at="2021-06-16T22:44:18 SGT" name="beforeMethod" finished-at="2021-06-16T22:44:18 SGT" duration-ms="0" status="PASS">
          <reporter-output>
          </reporter-output>
        </test-method> <!-- beforeMethod -->
        <test-method is-config="true" signature="beforeMethod()[pri:0, instance:testing_classes.NewTest@4d02f94e]" started-at="2021-06-16T22:44:18 SGT" name="beforeMethod" finished-at="2021-06-16T22:44:18 SGT" duration-ms="0" status="PASS">
          <reporter-output>
          </reporter-output>
        </test-method> <!-- beforeMethod -->
        <test-method signature="f()[pri:0, instance:testing_classes.NewTest@4d02f94e]" started-at="2021-06-16T22:44:18 SGT" name="f" finished-at="2021-06-16T22:44:18 SGT" duration-ms="12" status="PASS">
          <reporter-output>
          </reporter-output>
        </test-method> <!-- f -->
        <test-method is-config="true" signature="afterMethod()[pri:0, instance:testing_classes.NewTest@4d02f94e]" started-at="2021-06-16T22:44:18 SGT" name="afterMethod" finished-at="2021-06-16T22:44:18 SGT" duration-ms="1" status="PASS">
          <reporter-output>
          </reporter-output>
        </test-method> <!-- afterMethod -->
        <test-method is-config="true" signature="beforeMethod()[pri:0, instance:testing_classes.NewTest@4d02f94e]" started-at="2021-06-16T22:44:18 SGT" name="beforeMethod" finished-at="2021-06-16T22:44:18 SGT" duration-ms="1" status="PASS">
          <reporter-output>
          </reporter-output>
        </test-method> <!-- beforeMethod -->
        <test-method signature="f()[pri:0, instance:testing_classes.NewTest@4d02f94e]" started-at="2021-06-16T22:44:18 SGT" name="f" finished-at="2021-06-16T22:44:18 SGT" duration-ms="11" status="PASS">
          <reporter-output>
          </reporter-output>
        </test-method> <!-- f -->
        <test-method is-config="true" signature="afterMethod()[pri:0, instance:testing_classes.NewTest@4d02f94e]" started-at="2021-06-16T22:44:18 SGT" name="afterMethod" finished-at="2021-06-16T22:44:18 SGT" duration-ms="1" status="PASS">
          <reporter-output>
          </reporter-output>
        </test-method> <!-- afterMethod -->
        <test-method is-config="true" signature="beforeMethod()[pri:0, instance:testing_classes.NewTest@4d02f94e]" started-at="2021-06-16T22:44:18 SGT" name="beforeMethod" finished-at="2021-06-16T22:44:18 SGT" duration-ms="0" status="PASS">
          <reporter-output>
          </reporter-output>
        </test-method> <!-- beforeMethod -->
        <test-method signature="f()[pri:0, instance:testing_classes.NewTest@4d02f94e]" started-at="2021-06-16T22:44:18 SGT" name="f" finished-at="2021-06-16T22:44:18 SGT" duration-ms="29" status="PASS">
          <reporter-output>
          </reporter-output>
        </test-method> <!-- f -->
        <test-method is-config="true" signature="afterMethod()[pri:0, instance:testing_classes.NewTest@4d02f94e]" started-at="2021-06-16T22:44:18 SGT" name="afterMethod" finished-at="2021-06-16T22:44:18 SGT" duration-ms="1" status="PASS">
          <reporter-output>
          </reporter-output>
        </test-method> <!-- afterMethod -->
        <test-method is-config="true" signature="beforeMethod()[pri:0, instance:testing_classes.NewTest@4d02f94e]" started-at="2021-06-16T22:44:18 SGT" name="beforeMethod" finished-at="2021-06-16T22:44:18 SGT" duration-ms="1" status="PASS">
          <reporter-output>
          </reporter-output>
        </test-method> <!-- beforeMethod -->
        <test-method signature="f()[pri:0, instance:testing_classes.NewTest@4d02f94e]" started-at="2021-06-16T22:44:18 SGT" name="f" finished-at="2021-06-16T22:44:18 SGT" duration-ms="20" status="PASS">
          <reporter-output>
          </reporter-output>
        </test-method> <!-- f -->
        <test-method is-config="true" signature="afterMethod()[pri:0, instance:testing_classes.NewTest@4d02f94e]" started-at="2021-06-16T22:44:18 SGT" name="afterMethod" finished-at="2021-06-16T22:44:18 SGT" duration-ms="0" status="PASS">
          <reporter-output>
          </reporter-output>
        </test-method> <!-- afterMethod -->
        <test-method is-config="true" signature="beforeMethod()[pri:0, instance:testing_classes.NewTest@4d02f94e]" started-at="2021-06-16T22:44:18 SGT" name="beforeMethod" finished-at="2021-06-16T22:44:18 SGT" duration-ms="1" status="PASS">
          <reporter-output>
          </reporter-output>
        </test-method> <!-- beforeMethod -->
        <test-method signature="f()[pri:0, instance:testing_classes.NewTest@4d02f94e]" started-at="2021-06-16T22:44:18 SGT" name="f" finished-at="2021-06-16T22:44:18 SGT" duration-ms="7" status="PASS">
          <reporter-output>
          </reporter-output>
        </test-method> <!-- f -->
        <test-method is-config="true" signature="afterMethod()[pri:0, instance:testing_classes.NewTest@4d02f94e]" started-at="2021-06-16T22:44:18 SGT" name="afterMethod" finished-at="2021-06-16T22:44:18 SGT" duration-ms="1" status="PASS">
          <reporter-output>
          </reporter-output>
        </test-method> <!-- afterMethod -->
        <test-method is-config="true" signature="beforeMethod()[pri:0, instance:testing_classes.NewTest@4d02f94e]" started-at="2021-06-16T22:44:18 SGT" name="beforeMethod" finished-at="2021-06-16T22:44:18 SGT" duration-ms="0" status="PASS">
          <reporter-output>
          </reporter-output>
        </test-method> <!-- beforeMethod -->
        <test-method signature="f()[pri:0, instance:testing_classes.NewTest@4d02f94e]" started-at="2021-06-16T22:44:18 SGT" name="f" finished-at="2021-06-16T22:44:18 SGT" duration-ms="21" status="PASS">
          <reporter-output>
          </reporter-output>
        </test-method> <!-- f -->
        <test-method is-config="true" signature="afterMethod()[pri:0, instance:testing_classes.NewTest@4d02f94e]" started-at="2021-06-16T22:44:18 SGT" name="afterMethod" finished-at="2021-06-16T22:44:18 SGT" duration-ms="1" status="PASS">
          <reporter-output>
          </reporter-output>
        </test-method> <!-- afterMethod -->
        <test-method is-config="true" signature="beforeMethod()[pri:0, instance:testing_classes.NewTest@4d02f94e]" started-at="2021-06-16T22:44:18 SGT" name="beforeMethod" finished-at="2021-06-16T22:44:18 SGT" duration-ms="0" status="PASS">
          <reporter-output>
          </reporter-output>
        </test-method> <!-- beforeMethod -->
        <test-method signature="f()[pri:0, instance:testing_classes.NewTest@4d02f94e]" started-at="2021-06-16T22:44:18 SGT" name="f" finished-at="2021-06-16T22:44:18 SGT" duration-ms="14" status="PASS">
          <reporter-output>
          </reporter-output>
        </test-method> <!-- f -->
        <test-method is-config="true" signature="afterMethod()[pri:0, instance:testing_classes.NewTest@4d02f94e]" started-at="2021-06-16T22:44:18 SGT" name="afterMethod" finished-at="2021-06-16T22:44:18 SGT" duration-ms="1" status="PASS">
          <reporter-output>
          </reporter-output>
        </test-method> <!-- afterMethod -->
        <test-method is-config="true" signature="beforeMethod()[pri:0, instance:testing_classes.NewTest@4d02f94e]" started-at="2021-06-16T22:44:18 SGT" name="beforeMethod" finished-at="2021-06-16T22:44:18 SGT" duration-ms="1" status="PASS">
          <reporter-output>
          </reporter-output>
        </test-method> <!-- beforeMethod -->
        <test-method signature="f()[pri:0, instance:testing_classes.NewTest@4d02f94e]" started-at="2021-06-16T22:44:18 SGT" name="f" finished-at="2021-06-16T22:44:18 SGT" duration-ms="7" status="PASS">
          <reporter-output>
          </reporter-output>
        </test-method> <!-- f -->
        <test-method is-config="true" signature="afterMethod()[pri:0, instance:testing_classes.NewTest@4d02f94e]" started-at="2021-06-16T22:44:18 SGT" name="afterMethod" finished-at="2021-06-16T22:44:18 SGT" duration-ms="0" status="PASS">
          <reporter-output>
          </reporter-output>
        </test-method> <!-- afterMethod -->
        <test-method signature="f()[pri:0, instance:testing_classes.NewTest@4d02f94e]" started-at="2021-06-16T22:44:18 SGT" name="f" finished-at="2021-06-16T22:44:18 SGT" duration-ms="14" status="PASS">
          <reporter-output>
          </reporter-output>
        </test-method> <!-- f -->
        <test-method is-config="true" signature="beforeMethod()[pri:0, instance:testing_classes.NewTest@4d02f94e]" started-at="2021-06-16T22:44:18 SGT" name="beforeMethod" finished-at="2021-06-16T22:44:18 SGT" duration-ms="0" status="PASS">
          <reporter-output>
          </reporter-output>
        </test-method> <!-- beforeMethod -->
        <test-method is-config="true" signature="afterMethod()[pri:0, instance:testing_classes.NewTest@4d02f94e]" started-at="2021-06-16T22:44:18 SGT" name="afterMethod" finished-at="2021-06-16T22:44:18 SGT" duration-ms="0" status="PASS">
          <reporter-output>
          </reporter-output>
        </test-method> <!-- afterMethod -->
        <test-method is-config="true" signature="afterMethod()[pri:0, instance:testing_classes.NewTest@4d02f94e]" started-at="2021-06-16T22:44:18 SGT" name="afterMethod" finished-at="2021-06-16T22:44:18 SGT" duration-ms="1" status="PASS">
          <reporter-output>
          </reporter-output>
        </test-method> <!-- afterMethod -->
        <test-method is-config="true" signature="afterMethod()[pri:0, instance:testing_classes.NewTest@4d02f94e]" started-at="2021-06-16T22:44:18 SGT" name="afterMethod" finished-at="2021-06-16T22:44:18 SGT" duration-ms="0" status="PASS">
          <reporter-output>
          </reporter-output>
        </test-method> <!-- afterMethod -->
        <test-method is-config="true" signature="afterMethod()[pri:0, instance:testing_classes.NewTest@4d02f94e]" started-at="2021-06-16T22:44:18 SGT" name="afterMethod" finished-at="2021-06-16T22:44:18 SGT" duration-ms="0" status="PASS">
          <reporter-output>
          </reporter-output>
        </test-method> <!-- afterMethod -->
        <test-method is-config="true" signature="afterMethod()[pri:0, instance:testing_classes.NewTest@4d02f94e]" started-at="2021-06-16T22:44:18 SGT" name="afterMethod" finished-at="2021-06-16T22:44:18 SGT" duration-ms="0" status="PASS">
          <reporter-output>
          </reporter-output>
        </test-method> <!-- afterMethod -->
        <test-method is-config="true" signature="afterTest()[pri:0, instance:testing_classes.NewTest@4d02f94e]" started-at="2021-06-16T22:44:18 SGT" name="afterTest" finished-at="2021-06-16T22:44:18 SGT" duration-ms="0" status="PASS">
          <reporter-output>
          </reporter-output>
        </test-method> <!-- afterTest -->
      </class> <!-- testing_classes.NewTest -->
    </test> <!-- Default test -->
  </suite> <!-- Default suite -->
</testng-results>
